
ROM used: 448 (5%)
          448 (5%) including unused fragments

          0 Average locations per line
          1 Average locations per statement

RAM used: 9 (2%) at main() level
          28 (8%) worst case

Stack used: 4 worst case (out of 8 total available)

Lines Stmts  %   Files
----- ----- ---  -----
   43    16   5  CODE.c
  313     0   0  C:\Program Files (x86)\PICC\devices\16f877a.h
  180    63  20  C:\Program Files (x86)\PICC\drivers\lcd.c
 2059   238  75  C:\Program Files (x86)\PICC\drivers\math.h
----- -----
 2595   317 Total

Page ROM  %  RAM   Vol Diff  Functions:
---- --- --- ---   --- ----  ----------
0     21   5   1             @delay_ms1
0      8   2   0             @const64
 Inline        3   463  4.3  lcd_read_byte
0     12   3   1   134  2.2  lcd_send_nibble
0     58  13   3   317  4.3  lcd_send_byte
0     44  10   2   422  4.7  lcd_init
 Inline        4   186  5.5  lcd_gotoxy
0     53  12   1   272  4.1  lcd_putc
0     67  15   3   238  3.1  MAIN
0     39   9   5             @DIV1616
0     22   5   0             @const236
0    101  23   9             @PRINTF_LU_84
0     19   4   2   179  3.1  rd_adc

Program metrics:
    Functions               8
    Statements              317
    Comments                386
    Volume (V)              3473
    Difficilty (D)          30.5
    Effort to implement (E) 106028
    Time to implement (T)   1 hours, 38 minutes
    Est Delivered Bugs (B)  1
    Cyclomatic Complexity   7
    Maintainability (MI)    31

 Segment     Used  Free
-----------  ----  ----
00000-00003     4  0  
00004-007FF   444  1600  
00800-00FFF     0  2048  
01000-017FF     0  2048  
01800-01FFF     0  2048  



